#
# A fatal error has been detected by the Java Runtime Environment:
#
#  SIGSEGV (0xb) at pc=0x0000000108a4dcbc, pid=876, tid=0x0000000000004707
#
# JRE version: Java(TM) SE Runtime Environment (8.0_191-b12) (build 1.8.0_191-b12)
# Java VM: Java HotSpot(TM) 64-Bit Server VM (25.191-b12 mixed mode bsd-amd64 compressed oops)
# Problematic frame:
# V  [libjvm.dylib+0x24dcbc]
#
# Failed to write core dump. Core dumps have been disabled. To enable core dumping, try "ulimit -c unlimited" before starting Java again
#
# If you would like to submit a bug report, please visit:
#   http://bugreport.java.com/bugreport/crash.jsp
#

---------------  T H R E A D  ---------------

Current thread (0x00007fc126802000):  JavaThread "JDWP Transport Listener: dt_socket" daemon [_thread_in_vm, id=18183, stack(0x00007000046e4000,0x00007000047e4000)]

siginfo: si_signo: 11 (SIGSEGV), si_code: 1 (SEGV_MAPERR), si_addr: 0x0000000000000000

Registers:
RAX=0x0000000000000000, RBX=0x00007000047e2cd0, RCX=0x00000001225215ee, RDX=0x00000001097f9620
RSP=0x00007000047e2c40, RBP=0x00007000047e2c60, RSI=0x00007fc1259d1818, RDI=0x00007fc1259d1818
R8 =0x00007fc1259d18a8, R9 =0x00007000047e2d60, R10=0x0000700003c40230, R11=0xfffff03edee114b8
R12=0x00007000047e2cd0, R13=0x00007fc126802000, R14=0x00007000047e2d00, R15=0x00007fc1259d1818
RIP=0x0000000108a4dcbc, EFLAGS=0x0000000000010246, ERR=0x0000000000000004
  TRAPNO=0x000000000000000e

Top of Stack: (sp=0x00007000047e2c40)
0x00007000047e2c40:   00007000047e2d00 00007fc1256028b0
0x00007000047e2c50:   00007000047e2cd0 00007000047e32f0
0x00007000047e2c60:   00007000047e2cc0 0000000108a4c6c0
0x00007000047e2c70:   00007000047e2cb0 0000000108a4da44
0x00007000047e2c80:   0000000000007fe8 00007000047e2d50
0x00007000047e2c90:   00007000047e2d50 00007fc1259d1210
0x00007000047e2ca0:   00007fc1256028b0 00007fc1259d1810
0x00007000047e2cb0:   0000000000000d9f 00007000047e32f0
0x00007000047e2cc0:   00007000047e32c0 0000000108dadd3e
0x00007000047e2cd0:   0000700003c40240 00000001225215ee
0x00007000047e2ce0:   0000000000000000 0000000100000000
0x00007000047e2cf0:   0000000000000000 00007fc126003800
0x00007000047e2d00:   0000000000000000 0000000000000000
0x00007000047e2d10:   0000000000000000 0000000000000000
0x00007000047e2d20:   0000000000000000 0000000000000000
0x00007000047e2d30:   0000000000000000 0000000000000000
0x00007000047e2d40:   0000000000000000 0000000000000000
0x00007000047e2d50:   0000700003c40230 0000700003c40230
0x00007000047e2d60:   0000000000000000 0000000000000000
0x00007000047e2d70:   0000000000000000 0000000000000000
0x00007000047e2d80:   0000000000000000 0000000000000000
0x00007000047e2d90:   0000000000000000 0000000000000000
0x00007000047e2da0:   0000000000000000 0000000000000000
0x00007000047e2db0:   0000000000000000 0000000000000000
0x00007000047e2dc0:   0000000000000000 0000000000000000
0x00007000047e2dd0:   0000000000000000 0000000000000000
0x00007000047e2de0:   0000000000000000 0000000000000000
0x00007000047e2df0:   0000000000000000 0000000000000000
0x00007000047e2e00:   0000000000000000 0000000000000000
0x00007000047e2e10:   0000000000000000 0000000000000000
0x00007000047e2e20:   0000000000000000 0000000000000000
0x00007000047e2e30:   0000000000000000 0000000000000000 

Instructions: (pc=0x0000000108a4dcbc)
0x0000000108a4dc9c:   fd ff ff eb 77 49 83 7f 10 00 74 10 4c 89 e7 4c
0x0000000108a4dcac:   89 fe 4c 89 f2 e8 06 fe ff ff eb 60 49 8b 47 20
0x0000000108a4dcbc:   48 8b 08 48 8b 78 08 48 83 c0 10 49 89 04 24 49
0x0000000108a4dccc:   89 44 24 28 49 89 4c 24 20 49 89 7c 24 08 e8 57 

Register to memory mapping:

RAX=0x0000000000000000 is an unknown value
RBX=0x00007000047e2cd0 is pointing into the stack for thread: 0x00007fc126802000
RCX=0x00000001225215ee is pointing into metadata
RDX=0x00000001097f9620 is an unknown value
RSP=0x00007000047e2c40 is pointing into the stack for thread: 0x00007fc126802000
RBP=0x00007000047e2c60 is pointing into the stack for thread: 0x00007fc126802000
RSI=0x00007fc1259d1818 is an unknown value
RDI=0x00007fc1259d1818 is an unknown value
R8 =0x00007fc1259d18a8 is an unknown value
R9 =0x00007000047e2d60 is pointing into the stack for thread: 0x00007fc126802000
R10=0x0000700003c40230 is pointing into the stack for thread: 0x00007fc126003800
R11=0xfffff03edee114b8 is an unknown value
R12=0x00007000047e2cd0 is pointing into the stack for thread: 0x00007fc126802000
R13=0x00007fc126802000 is a thread
R14=0x00007000047e2d00 is pointing into the stack for thread: 0x00007fc126802000
R15=0x00007fc1259d1818 is an unknown value


Stack: [0x00007000046e4000,0x00007000047e4000],  sp=0x00007000047e2c40,  free space=1019k
Native frames: (J=compiled Java code, j=interpreted, Vv=VM code, C=native code)
V  [libjvm.dylib+0x24dcbc]
V  [libjvm.dylib+0x24c6c0]
V  [libjvm.dylib+0x5add3e]
V  [libjvm.dylib+0x5ad7e5]
V  [libjvm.dylib+0x38e122]
V  [libjvm.dylib+0x38e49b]
V  [libjvm.dylib+0x389e4a]
V  [libjvm.dylib+0x35f94f]
C  [libjdwp.dylib+0x8666]  frames+0x1f5
C  [libjdwp.dylib+0xe50c]  debugLoop_run+0x1c2
C  [libjdwp.dylib+0x1f5de]  attachThread+0x4d
V  [libjvm.dylib+0x39c6a0]
V  [libjvm.dylib+0x56f83f]
V  [libjvm.dylib+0x570f3a]
V  [libjvm.dylib+0x48e0be]
C  [libsystem_pthread.dylib+0x3661]  _pthread_body+0x154
C  [libsystem_pthread.dylib+0x350d]  _pthread_body+0x0
C  [libsystem_pthread.dylib+0x2bf9]  thread_start+0xd
C  0x0000000000000000


---------------  P R O C E S S  ---------------

Java Threads: ( => current thread )
  0x00007fc127876800 JavaThread "SIGTERM handler" daemon [_thread_blocked, id=3847, stack(0x0000700004efc000,0x0000700004ffc000)]
  0x00007fc126800800 JavaThread "Service Thread" daemon [_thread_blocked, id=16899, stack(0x0000700004cf6000,0x0000700004df6000)]
  0x00007fc12781c800 JavaThread "C1 CompilerThread2" daemon [_thread_in_native, id=17155, stack(0x0000700004bf3000,0x0000700004cf3000)]
  0x00007fc128829800 JavaThread "C2 CompilerThread1" daemon [_thread_in_native, id=15619, stack(0x0000700004af0000,0x0000700004bf0000)]
  0x00007fc126057000 JavaThread "C2 CompilerThread0" daemon [_thread_blocked, id=15107, stack(0x00007000049ed000,0x0000700004aed000)]
  0x00007fc12780b000 JavaThread "JDWP Command Reader" daemon [_thread_in_native, id=14595, stack(0x00007000048ea000,0x00007000049ea000)]
  0x00007fc128800000 JavaThread "JDWP Event Helper Thread" daemon [_thread_blocked, id=17923, stack(0x00007000047e7000,0x00007000048e7000)]
=>0x00007fc126802000 JavaThread "JDWP Transport Listener: dt_socket" daemon [_thread_in_vm, id=18183, stack(0x00007000046e4000,0x00007000047e4000)]
  0x00007fc125810000 JavaThread "Signal Dispatcher" daemon [_thread_blocked, id=13835, stack(0x00007000045e1000,0x00007000046e1000)]
  0x00007fc12581e000 JavaThread "Finalizer" daemon [_thread_blocked, id=20483, stack(0x00007000044de000,0x00007000045de000)]
  0x00007fc125808800 JavaThread "Reference Handler" daemon [_thread_blocked, id=20995, stack(0x00007000043db000,0x00007000044db000)]
  0x00007fc126003800 JavaThread "main" [_thread_in_Java, id=6147, stack(0x0000700003bc3000,0x0000700003cc3000)]

Other Threads:
  0x00007fc126056000 VMThread [stack: 0x00007000042d8000,0x00007000043d8000] [id=21251]

VM state:not at safepoint (normal execution)

VM Mutex/Monitor currently owned by a thread: None

Heap:
 PSYoungGen      total 76288K, used 26225K [0x000000076ab00000, 0x0000000770000000, 0x00000007c0000000)
  eden space 65536K, 40% used [0x000000076ab00000,0x000000076c49c778,0x000000076eb00000)
  from space 10752K, 0% used [0x000000076f580000,0x000000076f580000,0x0000000770000000)
  to   space 10752K, 0% used [0x000000076eb00000,0x000000076eb00000,0x000000076f580000)
 ParOldGen       total 175104K, used 0K [0x00000006c0000000, 0x00000006cab00000, 0x000000076ab00000)
  object space 175104K, 0% used [0x00000006c0000000,0x00000006c0000000,0x00000006cab00000)
 Metaspace       used 6336K, capacity 6544K, committed 6656K, reserved 1056768K
  class space    used 674K, capacity 730K, committed 768K, reserved 1048576K

Card table byte_map: [0x0000000118b74000,0x0000000119375000] byte_map_base: 0x0000000115574000

Marking Bits: (ParMarkBitMap*) 0x00000001090f9e00
 Begin Bits: [0x00000001198cb000, 0x000000011d8cb000)
 End Bits:   [0x000000011d8cb000, 0x00000001218cb000)

Polling page: 0x0000000107a4b000

CodeCache: size=245760Kb used=1964Kb max_used=1964Kb free=243795Kb
 bounds [0x00000001097b4000, 0x0000000109a24000, 0x00000001187b4000]
 total_blobs=707 nmethods=407 adapters=222
 compilation: enabled

Compilation events (10 events):
Event: 0.320 Thread 0x00007fc12781c800 nmethod 347 0x000000010997d950 code [0x000000010997dac0, 0x000000010997dcd0]
Event: 0.320 Thread 0x00007fc12781c800  353       3       org.eclipse.jdt.launching.internal.org.objectweb.asm.ClassReader::readLabel (20 bytes)
Event: 0.320 Thread 0x00007fc12781c800 nmethod 353 0x000000010997d150 code [0x000000010997d2e0, 0x000000010997d730]
Event: 0.324 Thread 0x00007fc128829800 nmethod 346% 0x000000010997c250 code [0x000000010997c3e0, 0x000000010997ccf8]
Event: 9.724 Thread 0x00007fc12781c800  354       3       java.util.regex.Matcher::reset (83 bytes)
Event: 9.724 Thread 0x00007fc12781c800 nmethod 354 0x0000000109981b90 code [0x0000000109981d20, 0x00000001099821c8]
Event: 219.458 Thread 0x00007fc12781c800  355       1       java.util.Formatter::access$000 (5 bytes)
Event: 219.459 Thread 0x00007fc12781c800 nmethod 355 0x0000000109978650 code [0x00000001099787a0, 0x0000000109978890]
Event: 220.488 Thread 0x00007fc12781c800  356       3       java.util.regex.Matcher::search (109 bytes)
Event: 220.488 Thread 0x00007fc12781c800 nmethod 356 0x0000000109981490 code [0x0000000109981620, 0x0000000109981a28]

GC Heap History (0 events):
No events

Deoptimization events (1 events):
Event: 0.316 Thread 0x00007fc126003800 Uncommon trap: reason=unstable_if action=reinterpret pc=0x000000010996f1b4 method=java.lang.String.replace(CC)Ljava/lang/String; @ 26

Classes redefined (0 events):
No events

Internal exceptions (9 events):
Event: 0.025 Thread 0x00007fc126003800 Exception <a 'java/lang/NoSuchMethodError': Method sun.misc.Unsafe.defineClass(Ljava/lang/String;[BII)Ljava/lang/Class; name or signature does not match> (0x000000076ab07cb0) thrown at [/Users/java_re/workspace/8-2-build-macosx-x86_64/jdk8u191/11896/hotsp
Event: 0.025 Thread 0x00007fc126003800 Exception <a 'java/lang/NoSuchMethodError': Method sun.misc.Unsafe.prefetchRead(Ljava/lang/Object;J)V name or signature does not match> (0x000000076ab07f98) thrown at [/Users/java_re/workspace/8-2-build-macosx-x86_64/jdk8u191/11896/hotspot/src/share/vm/pr
Event: 0.294 Thread 0x00007fc126003800 Exception <a 'java/lang/NoSuchFieldError': method resolution failed> (0x000000076b486bb0) thrown at [/Users/java_re/workspace/8-2-build-macosx-x86_64/jdk8u191/11896/hotspot/src/share/vm/prims/methodHandles.cpp, line 1167]
Event: 0.297 Thread 0x00007fc126003800 Exception <a 'java/lang/NoSuchFieldError': method resolution failed> (0x000000076b494a28) thrown at [/Users/java_re/workspace/8-2-build-macosx-x86_64/jdk8u191/11896/hotspot/src/share/vm/prims/methodHandles.cpp, line 1167]
Event: 0.312 Thread 0x00007fc126003800 Exception <a 'java/security/PrivilegedActionException'> (0x000000076b55f058) thrown at [/Users/java_re/workspace/8-2-build-macosx-x86_64/jdk8u191/11896/hotspot/src/share/vm/prims/jvm.cpp, line 1435]
Event: 0.312 Thread 0x00007fc126003800 Exception <a 'java/security/PrivilegedActionException'> (0x000000076b55f450) thrown at [/Users/java_re/workspace/8-2-build-macosx-x86_64/jdk8u191/11896/hotspot/src/share/vm/prims/jvm.cpp, line 1435]
Event: 0.312 Thread 0x00007fc126003800 Exception <a 'java/security/PrivilegedActionException'> (0x000000076b562968) thrown at [/Users/java_re/workspace/8-2-build-macosx-x86_64/jdk8u191/11896/hotspot/src/share/vm/prims/jvm.cpp, line 1435]
Event: 0.312 Thread 0x00007fc126003800 Exception <a 'java/security/PrivilegedActionException'> (0x000000076b562d60) thrown at [/Users/java_re/workspace/8-2-build-macosx-x86_64/jdk8u191/11896/hotspot/src/share/vm/prims/jvm.cpp, line 1435]
Event: 231.110 Thread 0x00007fc126003800 Exception <a 'java/lang/StackOverflowError'> (0x000000076c057388) thrown at [/Users/java_re/workspace/8-2-build-macosx-x86_64/jdk8u191/11896/hotspot/src/share/vm/interpreter/interpreterRuntime.cpp, line 323]

Events (10 events):
Event: 237.866 Executing VM operation: GetOwnedMonitorInfo done
Event: 241.115 Executing VM operation: GetOwnedMonitorInfo
Event: 241.117 Executing VM operation: GetOwnedMonitorInfo done
Event: 263.663 loading class sun/misc/Signal$1
Event: 263.663 loading class sun/misc/Signal$1 done
Event: 263.663 Thread 0x00007fc127876800 Thread added: 0x00007fc127876800
Event: 263.663 loading class java/lang/Shutdown
Event: 263.663 loading class java/lang/Shutdown done
Event: 263.663 loading class java/lang/Shutdown$Lock
Event: 263.663 loading class java/lang/Shutdown$Lock done


Dynamic libraries:
0x00007fff46d00000 	/System/Library/Frameworks/Cocoa.framework/Versions/A/Cocoa
0x00007fff5331a000 	/System/Library/Frameworks/Security.framework/Versions/A/Security
0x00007fff45942000 	/System/Library/Frameworks/ApplicationServices.framework/Versions/A/ApplicationServices
0x00007fff6f249000 	/usr/lib/libz.1.dylib
0x00007fff6d17a000 	/usr/lib/libSystem.B.dylib
0x00007fff6e833000 	/usr/lib/libobjc.A.dylib
0x00007fff474b3000 	/System/Library/Frameworks/CoreFoundation.framework/Versions/A/CoreFoundation
0x00007fff49614000 	/System/Library/Frameworks/Foundation.framework/Versions/C/Foundation
0x00007fff44a92000 	/System/Library/Frameworks/AppKit.framework/Versions/C/AppKit
0x00007fff47078000 	/System/Library/Frameworks/CoreData.framework/Versions/A/CoreData
0x00007fff66a33000 	/System/Library/PrivateFrameworks/RemoteViewServices.framework/Versions/A/RemoteViewServices
0x00007fff6b1ac000 	/System/Library/PrivateFrameworks/UIFoundation.framework/Versions/A/UIFoundation
0x00007fff5b82f000 	/System/Library/PrivateFrameworks/DFRFoundation.framework/Versions/A/DFRFoundation
0x00007fff4bc80000 	/System/Library/Frameworks/Metal.framework/Versions/A/Metal
0x00007fff5b9cc000 	/System/Library/PrivateFrameworks/DesktopServicesPriv.framework/Versions/A/DesktopServicesPriv
0x00007fff6dd80000 	/usr/lib/libenergytrace.dylib
0x00007fff69218000 	/System/Library/PrivateFrameworks/SkyLight.framework/Versions/A/SkyLight
0x00007fff47956000 	/System/Library/Frameworks/CoreGraphics.framework/Versions/A/CoreGraphics
0x00007fff6d175000 	/usr/lib/libScreenReader.dylib
0x00007fff43a2c000 	/System/Library/Frameworks/Accelerate.framework/Versions/A/Accelerate
0x00007fff49d8e000 	/System/Library/Frameworks/IOSurface.framework/Versions/A/IOSurface
0x00007fff45e8c000 	/System/Library/Frameworks/AudioToolbox.framework/Versions/A/AudioToolbox
0x00007fff4611c000 	/System/Library/Frameworks/AudioUnit.framework/Versions/A/AudioUnit
0x00007fff5b8c7000 	/System/Library/PrivateFrameworks/DataDetectorsCore.framework/Versions/A/DataDetectorsCore
0x00007fff467f3000 	/System/Library/Frameworks/Carbon.framework/Versions/A/Frameworks/HIToolbox.framework/Versions/A/HIToolbox
0x00007fff6deda000 	/usr/lib/libicucore.A.dylib
0x00007fff52898000 	/System/Library/Frameworks/QuartzCore.framework/Versions/A/QuartzCore
0x00007fff684ba000 	/System/Library/PrivateFrameworks/SignpostNotification.framework/Versions/A/SignpostNotification
0x00007fff46bd9000 	/System/Library/Frameworks/Carbon.framework/Versions/A/Frameworks/SpeechRecognition.framework/Versions/A/SpeechRecognition
0x00007fff6d2d6000 	/usr/lib/libauto.dylib
0x00007fff6f138000 	/usr/lib/libxml2.2.dylib
0x00007fff5b47f000 	/System/Library/PrivateFrameworks/CoreUI.framework/Versions/A/CoreUI
0x00007fff46f54000 	/System/Library/Frameworks/CoreAudio.framework/Versions/A/CoreAudio
0x00007fff4944e000 	/System/Library/Frameworks/DiskArbitration.framework/Versions/A/DiskArbitration
0x00007fff6e14e000 	/usr/lib/liblangid.dylib
0x00007fff62f3a000 	/System/Library/PrivateFrameworks/MultitouchSupport.framework/Versions/A/MultitouchSupport
0x00007fff49cf1000 	/System/Library/Frameworks/IOKit.framework/Versions/A/IOKit
0x00007fff6ce04000 	/usr/lib/libDiagnosticMessagesClient.dylib
0x00007fff4862c000 	/System/Library/Frameworks/CoreServices.framework/Versions/A/CoreServices
0x00007fff64a6b000 	/System/Library/PrivateFrameworks/PerformanceAnalysis.framework/Versions/A/PerformanceAnalysis
0x00007fff51a3a000 	/System/Library/Frameworks/OpenGL.framework/Versions/A/OpenGL
0x00007fff46d0e000 	/System/Library/Frameworks/ColorSync.framework/Versions/A/ColorSync
0x00007fff47f68000 	/System/Library/Frameworks/CoreImage.framework/Versions/A/CoreImage
0x00007fff48fbc000 	/System/Library/Frameworks/CoreText.framework/Versions/A/CoreText
0x00007fff49dec000 	/System/Library/Frameworks/ImageIO.framework/Versions/A/ImageIO
0x00007fff5812b000 	/System/Library/PrivateFrameworks/Backup.framework/Versions/A/Backup
0x00007fff6d226000 	/usr/lib/libarchive.2.dylib
0x00007fff4643f000 	/System/Library/Frameworks/CFNetwork.framework/Versions/A/CFNetwork
0x00007fff53aad000 	/System/Library/Frameworks/SystemConfiguration.framework/Versions/A/SystemConfiguration
0x00007fff6cd2d000 	/usr/lib/libCRFSuite.dylib
0x00007fff6d3af000 	/usr/lib/libc++.1.dylib
0x00007fff6d406000 	/usr/lib/libc++abi.dylib
0x00007fff6f2f7000 	/usr/lib/system/libcache.dylib
0x00007fff6f2fc000 	/usr/lib/system/libcommonCrypto.dylib
0x00007fff6f307000 	/usr/lib/system/libcompiler_rt.dylib
0x00007fff6f30f000 	/usr/lib/system/libcopyfile.dylib
0x00007fff6f319000 	/usr/lib/system/libcorecrypto.dylib
0x00007fff6f426000 	/usr/lib/system/libdispatch.dylib
0x00007fff6f460000 	/usr/lib/system/libdyld.dylib
0x00007fff6f47e000 	/usr/lib/system/libkeymgr.dylib
0x00007fff6f48c000 	/usr/lib/system/liblaunch.dylib
0x00007fff6f48d000 	/usr/lib/system/libmacho.dylib
0x00007fff6f492000 	/usr/lib/system/libquarantine.dylib
0x00007fff6f495000 	/usr/lib/system/libremovefile.dylib
0x00007fff6f497000 	/usr/lib/system/libsystem_asl.dylib
0x00007fff6f4af000 	/usr/lib/system/libsystem_blocks.dylib
0x00007fff6f4b0000 	/usr/lib/system/libsystem_c.dylib
0x00007fff6f53a000 	/usr/lib/system/libsystem_configuration.dylib
0x00007fff6f53e000 	/usr/lib/system/libsystem_coreservices.dylib
0x00007fff6f542000 	/usr/lib/system/libsystem_darwin.dylib
0x00007fff6f544000 	/usr/lib/system/libsystem_dnssd.dylib
0x00007fff6f54b000 	/usr/lib/system/libsystem_info.dylib
0x00007fff6f5bc000 	/usr/lib/system/libsystem_m.dylib
0x00007fff6f608000 	/usr/lib/system/libsystem_malloc.dylib
0x00007fff6f628000 	/usr/lib/system/libsystem_network.dylib
0x00007fff6f759000 	/usr/lib/system/libsystem_networkextension.dylib
0x00007fff6f764000 	/usr/lib/system/libsystem_notify.dylib
0x00007fff6f782000 	/usr/lib/system/libsystem_sandbox.dylib
0x00007fff6f786000 	/usr/lib/system/libsystem_secinit.dylib
0x00007fff6f595000 	/usr/lib/system/libsystem_kernel.dylib
0x00007fff6f76e000 	/usr/lib/system/libsystem_platform.dylib
0x00007fff6f776000 	/usr/lib/system/libsystem_pthread.dylib
0x00007fff6f788000 	/usr/lib/system/libsystem_symptoms.dylib
0x00007fff6f790000 	/usr/lib/system/libsystem_trace.dylib
0x00007fff6f7a5000 	/usr/lib/system/libunwind.dylib
0x00007fff6f7ab000 	/usr/lib/system/libxpc.dylib
0x00007fff6cc40000 	/usr/lib/closure/libclosured.dylib
0x00007fff6d390000 	/usr/lib/libbsm.0.dylib
0x00007fff6f47f000 	/usr/lib/system/libkxld.dylib
0x00007fff6d03e000 	/usr/lib/libOpenScriptingUtil.dylib
0x00007fff6d6ff000 	/usr/lib/libcoretls.dylib
0x00007fff6d718000 	/usr/lib/libcoretls_cfhelpers.dylib
0x00007fff6ec34000 	/usr/lib/libpam.2.dylib
0x00007fff6ed5b000 	/usr/lib/libsqlite3.dylib
0x00007fff6f127000 	/usr/lib/libxar.1.dylib
0x00007fff6d3a1000 	/usr/lib/libbz2.1.0.dylib
0x00007fff6e150000 	/usr/lib/liblzma.5.dylib
0x00007fff6e631000 	/usr/lib/libnetwork.dylib
0x00007fff6d20f000 	/usr/lib/libapple_nghttp2.dylib
0x00007fff6ec3b000 	/usr/lib/libpcap.A.dylib
0x00007fff6d2d7000 	/usr/lib/libboringssl.dylib
0x00007fff6f0c2000 	/usr/lib/libusrtcp.dylib
0x00007fff6d20e000 	/usr/lib/libapple_crypto.dylib
0x00007fff489af000 	/System/Library/Frameworks/CoreServices.framework/Versions/A/Frameworks/FSEvents.framework/Versions/A/FSEvents
0x00007fff486a2000 	/System/Library/Frameworks/CoreServices.framework/Versions/A/Frameworks/CarbonCore.framework/Versions/A/CarbonCore
0x00007fff48b76000 	/System/Library/Frameworks/CoreServices.framework/Versions/A/Frameworks/Metadata.framework/Versions/A/Metadata
0x00007fff48c27000 	/System/Library/Frameworks/CoreServices.framework/Versions/A/Frameworks/OSServices.framework/Versions/A/OSServices
0x00007fff48c88000 	/System/Library/Frameworks/CoreServices.framework/Versions/A/Frameworks/SearchKit.framework/Versions/A/SearchKit
0x00007fff4862d000 	/System/Library/Frameworks/CoreServices.framework/Versions/A/Frameworks/AE.framework/Versions/A/AE
0x00007fff489b8000 	/System/Library/Frameworks/CoreServices.framework/Versions/A/Frameworks/LaunchServices.framework/Versions/A/LaunchServices
0x00007fff4897a000 	/System/Library/Frameworks/CoreServices.framework/Versions/A/Frameworks/DictionaryServices.framework/Versions/A/DictionaryServices
0x00007fff48cf7000 	/System/Library/Frameworks/CoreServices.framework/Versions/A/Frameworks/SharedFileList.framework/Versions/A/SharedFileList
0x00007fff4ceb6000 	/System/Library/Frameworks/NetFS.framework/Versions/A/NetFS
0x00007fff631cb000 	/System/Library/PrivateFrameworks/NetAuth.framework/Versions/A/NetAuth
0x00007fff6cad7000 	/System/Library/PrivateFrameworks/login.framework/Versions/A/Frameworks/loginsupport.framework/Versions/A/loginsupport
0x00007fff6ae29000 	/System/Library/PrivateFrameworks/TCC.framework/Versions/A/TCC
0x00007fff6e231000 	/usr/lib/libmecabra.dylib
0x00007fff45943000 	/System/Library/Frameworks/ApplicationServices.framework/Versions/A/Frameworks/ATS.framework/Versions/A/ATS
0x00007fff45cf1000 	/System/Library/Frameworks/ApplicationServices.framework/Versions/A/Frameworks/ColorSyncLegacy.framework/Versions/A/ColorSyncLegacy
0x00007fff45d95000 	/System/Library/Frameworks/ApplicationServices.framework/Versions/A/Frameworks/HIServices.framework/Versions/A/HIServices
0x00007fff45de8000 	/System/Library/Frameworks/ApplicationServices.framework/Versions/A/Frameworks/LangAnalysis.framework/Versions/A/LangAnalysis
0x00007fff45df7000 	/System/Library/Frameworks/ApplicationServices.framework/Versions/A/Frameworks/PrintCore.framework/Versions/A/PrintCore
0x00007fff45e44000 	/System/Library/Frameworks/ApplicationServices.framework/Versions/A/Frameworks/QD.framework/Versions/A/QD
0x00007fff45e7f000 	/System/Library/Frameworks/ApplicationServices.framework/Versions/A/Frameworks/SpeechSynthesis.framework/Versions/A/SpeechSynthesis
0x00007fff473cf000 	/System/Library/Frameworks/CoreDisplay.framework/Versions/A/CoreDisplay
0x00007fff43a44000 	/System/Library/Frameworks/Accelerate.framework/Versions/A/Frameworks/vImage.framework/Versions/A/vImage
0x00007fff4479e000 	/System/Library/Frameworks/Accelerate.framework/Versions/A/Frameworks/vecLib.framework/Versions/A/vecLib
0x00007fff4453e000 	/System/Library/Frameworks/Accelerate.framework/Versions/A/Frameworks/vecLib.framework/Versions/A/libvDSP.dylib
0x00007fff4409e000 	/System/Library/Frameworks/Accelerate.framework/Versions/A/Frameworks/vecLib.framework/Versions/A/libBNNS.dylib
0x00007fff444a3000 	/System/Library/Frameworks/Accelerate.framework/Versions/A/Frameworks/vecLib.framework/Versions/A/libQuadrature.dylib
0x00007fff446ec000 	/System/Library/Frameworks/Accelerate.framework/Versions/A/Frameworks/vecLib.framework/Versions/A/libvMisc.dylib
0x00007fff440cd000 	/System/Library/Frameworks/Accelerate.framework/Versions/A/Frameworks/vecLib.framework/Versions/A/libLAPACK.dylib
0x00007fff43f43000 	/System/Library/Frameworks/Accelerate.framework/Versions/A/Frameworks/vecLib.framework/Versions/A/libBLAS.dylib
0x00007fff4448d000 	/System/Library/Frameworks/Accelerate.framework/Versions/A/Frameworks/vecLib.framework/Versions/A/libLinearAlgebra.dylib
0x00007fff444a9000 	/System/Library/Frameworks/Accelerate.framework/Versions/A/Frameworks/vecLib.framework/Versions/A/libSparse.dylib
0x00007fff4452a000 	/System/Library/Frameworks/Accelerate.framework/Versions/A/Frameworks/vecLib.framework/Versions/A/libSparseBLAS.dylib
0x00007fff6000b000 	/System/Library/PrivateFrameworks/GPUWrangler.framework/Versions/A/GPUWrangler
0x00007fff6179c000 	/System/Library/PrivateFrameworks/IOAccelerator.framework/Versions/A/IOAccelerator
0x00007fff617a7000 	/System/Library/PrivateFrameworks/IOPresentment.framework/Versions/A/IOPresentment
0x00007fff5b841000 	/System/Library/PrivateFrameworks/DSExternalDisplay.framework/Versions/A/DSExternalDisplay
0x00007fff50eb9000 	/System/Library/Frameworks/OpenGL.framework/Versions/A/Libraries/libCoreFSCache.dylib
0x00007fff4910d000 	/System/Library/Frameworks/CoreVideo.framework/Versions/A/CoreVideo
0x00007fff60d86000 	/System/Library/PrivateFrameworks/GraphVisualizer.framework/Versions/A/GraphVisualizer
0x00007fff4beb7000 	/System/Library/Frameworks/MetalPerformanceShaders.framework/Versions/A/MetalPerformanceShaders
0x00007fff6ce3c000 	/usr/lib/libFosl_dynamic.dylib
0x00007fff5c915000 	/System/Library/PrivateFrameworks/FaceCore.framework/Versions/A/FaceCore
0x00007fff4fcb4000 	/System/Library/Frameworks/OpenCL.framework/Versions/A/OpenCL
0x00007fff6d43d000 	/usr/lib/libcompression.dylib
0x00007fff45a42000 	/System/Library/Frameworks/ApplicationServices.framework/Versions/A/Frameworks/ATS.framework/Versions/A/Resources/libFontParser.dylib
0x00007fff45b65000 	/System/Library/Frameworks/ApplicationServices.framework/Versions/A/Frameworks/ATS.framework/Versions/A/Resources/libFontRegistry.dylib
0x00007fff4a054000 	/System/Library/Frameworks/ImageIO.framework/Versions/A/Resources/libJPEG.dylib
0x00007fff4a37d000 	/System/Library/Frameworks/ImageIO.framework/Versions/A/Resources/libTIFF.dylib
0x00007fff4a353000 	/System/Library/Frameworks/ImageIO.framework/Versions/A/Resources/libPng.dylib
0x00007fff49f67000 	/System/Library/Frameworks/ImageIO.framework/Versions/A/Resources/libGIF.dylib
0x00007fff49f6c000 	/System/Library/Frameworks/ImageIO.framework/Versions/A/Resources/libJP2.dylib
0x00007fff4a37a000 	/System/Library/Frameworks/ImageIO.framework/Versions/A/Resources/libRadiance.dylib
0x00007fff57855000 	/System/Library/PrivateFrameworks/AppleJPEG.framework/Versions/A/AppleJPEG
0x00007fff4bd1e000 	/System/Library/Frameworks/MetalPerformanceShaders.framework/Frameworks/MPSCore.framework/Versions/A/MPSCore
0x00007fff4bd3a000 	/System/Library/Frameworks/MetalPerformanceShaders.framework/Frameworks/MPSImage.framework/Versions/A/MPSImage
0x00007fff4bdcf000 	/System/Library/Frameworks/MetalPerformanceShaders.framework/Frameworks/MPSNeuralNetwork.framework/Versions/A/MPSNeuralNetwork
0x00007fff4bdaa000 	/System/Library/Frameworks/MetalPerformanceShaders.framework/Frameworks/MPSMatrix.framework/Versions/A/MPSMatrix
0x00007fff62c9d000 	/System/Library/PrivateFrameworks/MetalTools.framework/Versions/A/MetalTools
0x00007fff51084000 	/System/Library/Frameworks/OpenGL.framework/Versions/A/Libraries/libGLU.dylib
0x00007fff50ec4000 	/System/Library/Frameworks/OpenGL.framework/Versions/A/Libraries/libGFXShared.dylib
0x00007fff50ece000 	/System/Library/Frameworks/OpenGL.framework/Versions/A/Libraries/libGL.dylib
0x00007fff50eda000 	/System/Library/Frameworks/OpenGL.framework/Versions/A/Libraries/libGLImage.dylib
0x00007fff50eb6000 	/System/Library/Frameworks/OpenGL.framework/Versions/A/Libraries/libCVMSPluginSupport.dylib
0x00007fff50ebf000 	/System/Library/Frameworks/OpenGL.framework/Versions/A/Libraries/libCoreVMClient.dylib
0x00007fff6dbea000 	/usr/lib/libcups.2.dylib
0x00007fff4b285000 	/System/Library/Frameworks/Kerberos.framework/Versions/A/Kerberos
0x00007fff49a4b000 	/System/Library/Frameworks/GSS.framework/Versions/A/GSS
0x00007fff6ecee000 	/usr/lib/libresolv.9.dylib
0x00007fff6dde8000 	/usr/lib/libiconv.2.dylib
0x00007fff60e18000 	/System/Library/PrivateFrameworks/Heimdal.framework/Versions/A/Heimdal
0x00007fff6ddb7000 	/usr/lib/libheimdal-asn1.dylib
0x00007fff4fd2c000 	/System/Library/Frameworks/OpenDirectory.framework/Versions/A/OpenDirectory
0x00007fff59b6c000 	/System/Library/PrivateFrameworks/CommonAuth.framework/Versions/A/CommonAuth
0x00007fff4fd0f000 	/System/Library/Frameworks/OpenDirectory.framework/Versions/A/Frameworks/CFOpenDirectory.framework/Versions/A/CFOpenDirectory
0x00007fff53646000 	/System/Library/Frameworks/SecurityFoundation.framework/Versions/A/SecurityFoundation
0x00007fff56a1a000 	/System/Library/PrivateFrameworks/APFS.framework/Versions/A/APFS
0x00007fff6f123000 	/usr/lib/libutil.dylib
0x00007fff578d8000 	/System/Library/PrivateFrameworks/AppleSauce.framework/Versions/A/AppleSauce
0x00007fff61f84000 	/System/Library/PrivateFrameworks/LinguisticData.framework/Versions/A/LinguisticData
0x00007fff6e16a000 	/usr/lib/libmarisa.dylib
0x00007fff61f3e000 	/System/Library/PrivateFrameworks/Lexicon.framework/Versions/A/Lexicon
0x00007fff6cd67000 	/usr/lib/libChineseTokenizer.dylib
0x00007fff6d42c000 	/usr/lib/libcmph.dylib
0x00007fff61e48000 	/System/Library/PrivateFrameworks/LanguageModeling.framework/Versions/A/LanguageModeling
0x00007fff5a689000 	/System/Library/PrivateFrameworks/CoreEmoji.framework/Versions/A/CoreEmoji
0x00007fff53704000 	/System/Library/Frameworks/ServiceManagement.framework/Versions/A/ServiceManagement
0x00007fff58123000 	/System/Library/PrivateFrameworks/BackgroundTaskManagement.framework/Versions/A/BackgroundTaskManagement
0x00007fff6f220000 	/usr/lib/libxslt.1.dylib
0x00007fff46b03000 	/System/Library/Frameworks/Carbon.framework/Versions/A/Frameworks/Ink.framework/Versions/A/Ink
0x00007fff6b03e000 	/System/Library/PrivateFrameworks/TextureIO.framework/Versions/A/TextureIO
0x00007fff6d251000 	/usr/lib/libate.dylib
0x00007fff5b7a0000 	/System/Library/PrivateFrameworks/CrashReporterSupport.framework/Versions/A/CrashReporterSupport
0x00007fff6837a000 	/System/Library/PrivateFrameworks/Sharing.framework/Versions/A/Sharing
0x00007fff61b89000 	/System/Library/PrivateFrameworks/IconServices.framework/Versions/A/IconServices
0x00007fff57d53000 	/System/Library/PrivateFrameworks/AuthKit.framework/Versions/A/AuthKit
0x00007fff576d8000 	/System/Library/PrivateFrameworks/Apple80211.framework/Versions/A/Apple80211
0x00007fff5b5b5000 	/System/Library/PrivateFrameworks/CoreUtils.framework/Versions/A/CoreUtils
0x00007fff49148000 	/System/Library/Frameworks/CoreWLAN.framework/Versions/A/CoreWLAN
0x00007fff49b8d000 	/System/Library/Frameworks/IOBluetooth.framework/Versions/A/IOBluetooth
0x00007fff6683a000 	/System/Library/PrivateFrameworks/ProtocolBuffer.framework/Versions/A/ProtocolBuffer
0x00007fff62e95000 	/System/Library/PrivateFrameworks/MobileKeyBag.framework/Versions/A/MobileKeyBag
0x00007fff5ae2d000 	/System/Library/PrivateFrameworks/CorePhoneNumbers.framework/Versions/A/CorePhoneNumbers
0x00007fff57810000 	/System/Library/PrivateFrameworks/AppleIDAuthSupport.framework/Versions/A/AppleIDAuthSupport
0x00007fff61e34000 	/System/Library/PrivateFrameworks/KeychainCircle.framework/Versions/A/KeychainCircle
0x00007fff5b73b000 	/System/Library/PrivateFrameworks/CoreWiFi.framework/Versions/A/CoreWiFi
0x00007fff4704e000 	/System/Library/Frameworks/CoreBluetooth.framework/Versions/A/CoreBluetooth
0x00007fff5b98b000 	/System/Library/PrivateFrameworks/DebugSymbols.framework/Versions/A/DebugSymbols
0x00007fff5b36b000 	/System/Library/PrivateFrameworks/CoreSymbolication.framework/Versions/A/CoreSymbolication
0x00007fff6a830000 	/System/Library/PrivateFrameworks/Symbolication.framework/Versions/A/Symbolication
0x00007fff57702000 	/System/Library/PrivateFrameworks/AppleFSCompression.framework/Versions/A/AppleFSCompression
0x00007fff69c7d000 	/System/Library/PrivateFrameworks/SpeechRecognitionCore.framework/Versions/A/SpeechRecognitionCore
0x0000000108800000 	/Library/Java/JavaVirtualMachines/jdk1.8.0_191.jdk/Contents/Home/jre/lib/server/libjvm.dylib
0x00007fff6eff0000 	/usr/lib/libstdc++.6.0.9.dylib
0x0000000107a07000 	/Library/Java/JavaVirtualMachines/jdk1.8.0_191.jdk/Contents/Home/jre/lib/libverify.dylib
0x0000000107a15000 	/Library/Java/JavaVirtualMachines/jdk1.8.0_191.jdk/Contents/Home/jre/lib/libjava.dylib
0x0000000107a4c000 	/Library/Java/JavaVirtualMachines/jdk1.8.0_191.jdk/Contents/Home/jre/lib/libjdwp.dylib
0x0000000107a97000 	/Library/Java/JavaVirtualMachines/jdk1.8.0_191.jdk/Contents/Home/jre/lib/libnpt.dylib
0x0000000107a9b000 	/Library/Java/JavaVirtualMachines/jdk1.8.0_191.jdk/Contents/Home/jre/lib/libinstrument.dylib
0x0000000107b39000 	/Library/Java/JavaVirtualMachines/jdk1.8.0_191.jdk/Contents/Home/jre/lib/libzip.dylib
0x0000000107bf5000 	/Library/Java/JavaVirtualMachines/jdk1.8.0_191.jdk/Contents/Home/jre/lib/libdt_socket.dylib

VM Arguments:
jvm_args: -agentlib:jdwp=transport=dt_socket,suspend=y,address=localhost:49398 -javaagent:/Users/edwinclement08q/eclipse/jee-2018-12/Eclipse.app/Contents/Eclipse/configuration/org.eclipse.osgi/398/0/.cp/lib/javaagent-shaded.jar -Dfile.encoding=UTF-8 
java_command: com.javapapers.webservices.rest.jersey.util.XMLHelper
java_class_path (initial): /Users/edwinclement08q/coding/IB2/WebChatServer/build/classes:/Users/edwinclement08q/coding/IB2/WebChatServer/WebContent/WEB-INF/lib/aopalliance-repackaged-2.5.0.jar:/Users/edwinclement08q/coding/IB2/WebChatServer/WebContent/WEB-INF/lib/hk2-api-2.5.0.jar:/Users/edwinclement08q/coding/IB2/WebChatServer/WebContent/WEB-INF/lib/hk2-locator-2.5.0.jar:/Users/edwinclement08q/coding/IB2/WebChatServer/WebContent/WEB-INF/lib/hk2-utils-2.5.0.jar:/Users/edwinclement08q/coding/IB2/WebChatServer/WebContent/WEB-INF/lib/jakarta.activation-api-1.2.1.jar:/Users/edwinclement08q/coding/IB2/WebChatServer/WebContent/WEB-INF/lib/jakarta.annotation-api-1.3.4.jar:/Users/edwinclement08q/coding/IB2/WebChatServer/WebContent/WEB-INF/lib/jakarta.inject-2.5.0.jar:/Users/edwinclement08q/coding/IB2/WebChatServer/WebContent/WEB-INF/lib/jakarta.json-1.1.5.jar:/Users/edwinclement08q/coding/IB2/WebChatServer/WebContent/WEB-INF/lib/jakarta.json-api-1.1.5.jar:/Users/edwinclement08q/coding/IB2/WebChatServer/WebContent/WEB-INF/lib/jakarta.json.bind-api-1.0.1.jar:/Users/edwinclement08q/coding/IB2/WebChatServer/WebContent/WEB-INF/lib/jakarta.persistence-api-2.2.2.jar:/Users/edwinclement08q/coding/IB2/WebChatServer/WebContent/WEB-INF/lib/jakarta.servlet-api-4.0.2.jar:/Users/edwinclement08q/coding/IB2/WebChatServer/WebContent/WEB-INF/lib/jakarta.ws.rs-api-2.1.5-sources.jar:/Users/edwinclement08q/coding/IB2/WebChatServer/WebContent/WEB-INF/lib/jakarta.ws.rs-api-2.1.5.jar:/Users/edwinclement08q/coding/IB2/WebChatServer/WebContent/WEB-INF/lib/jakarta.xml.bind-api-2.3.2.jar:/Users/edwinclement08q/coding/IB2/WebChatServer/WebContent/WEB-INF/lib/javassist-3.22.0-GA.jar:/Users/edwinclement08q/coding/IB2/WebChatServer/WebContent/WEB-INF/lib/jersey-client.jar:/Users/edwinclement08q/coding/IB2/WebChatServer/WebContent/WEB-INF/lib/jersey-common.jar:/Users/edwinclement08q/coding/IB2/WebChatServer/WebContent/WEB-INF/lib/jersey-container-servlet-core.jar:/Users/edwinclement08q/coding/IB2/WebChat
Launcher Type: SUN_STANDARD

Environment Variables:
PATH=/usr/bin:/bin:/usr/sbin:/sbin
SHELL=/usr/local/bin/fish

Signal Handlers:
SIGSEGV: [libjvm.dylib+0x5b5de9], sa_mask[0]=11111111011111110111111111111111, sa_flags=SA_ONSTACK|SA_RESTART|SA_SIGINFO
SIGBUS: [libjvm.dylib+0x5b5de9], sa_mask[0]=11111111011111110111111111111111, sa_flags=SA_RESTART|SA_SIGINFO
SIGFPE: [libjvm.dylib+0x48b6b0], sa_mask[0]=11111111011111110111111111111111, sa_flags=SA_RESTART|SA_SIGINFO
SIGPIPE: [libjvm.dylib+0x48b6b0], sa_mask[0]=11111111011111110111111111111111, sa_flags=SA_RESTART|SA_SIGINFO
SIGXFSZ: [libjvm.dylib+0x48b6b0], sa_mask[0]=11111111011111110111111111111111, sa_flags=SA_RESTART|SA_SIGINFO
SIGILL: [libjvm.dylib+0x48b6b0], sa_mask[0]=11111111011111110111111111111111, sa_flags=SA_RESTART|SA_SIGINFO
SIGUSR1: SIG_DFL, sa_mask[0]=00000000000000000000000000000000, sa_flags=none
SIGUSR2: [libjvm.dylib+0x48b1ce], sa_mask[0]=00100000000000000000000000000000, sa_flags=SA_RESTART|SA_SIGINFO
SIGHUP: [libjvm.dylib+0x489759], sa_mask[0]=11111111011111110111111111111111, sa_flags=SA_RESTART|SA_SIGINFO
SIGINT: [libjvm.dylib+0x489759], sa_mask[0]=11111111011111110111111111111111, sa_flags=SA_RESTART|SA_SIGINFO
SIGTERM: [libjvm.dylib+0x489759], sa_mask[0]=11111111011111110111111111111111, sa_flags=SA_RESTART|SA_SIGINFO
SIGQUIT: [libjvm.dylib+0x489759], sa_mask[0]=11111111011111110111111111111111, sa_flags=SA_RESTART|SA_SIGINFO


---------------  S Y S T E M  ---------------

OS:Bsduname:Darwin 17.7.0 Darwin Kernel Version 17.7.0: Fri Jul  6 19:54:51 PDT 2018; root:xnu-4570.71.3~2/RELEASE_X86_64 x86_64
rlimit: STACK 8192k, CORE 0k, NPROC 1418, NOFILE 10240, AS infinity
load average:2.84 2.37 2.14

CPU:total 6 (initial active 6) (6 cores per cpu, 1 threads per core) family 6 model 158 stepping 10, cmov, cx8, fxsr, mmx, sse, sse2, sse3, ssse3, sse4.1, sse4.2, popcnt, avx, avx2, aes, clmul, erms, rtm, 3dnowpref, lzcnt, tsc, tscinvbit, bmi1, bmi2, adx

Memory: 4k page, physical 16777216k(743568k free)

/proc/meminfo:


vm_info: Java HotSpot(TM) 64-Bit Server VM (25.191-b12) for bsd-amd64 JRE (1.8.0_191-b12), built on Oct  6 2018 08:37:07 by "java_re" with gcc 4.2.1 (Based on Apple Inc. build 5658) (LLVM build 2336.11.00)

time: Tue Mar 19 07:57:19 2019
elapsed time: 263 seconds (0d 0h 4m 23s)

